<?xml version="1.0" encoding="UTF-8"?>
<testng-results skipped="0" failed="0" total="1" passed="1">
  <reporter-output>
  </reporter-output>
  <suite name="Suite" duration-ms="30359" started-at="2017-09-29T09:56:20Z" finished-at="2017-09-29T09:56:51Z">
    <groups>
    </groups>
    <test name="Test" duration-ms="30359" started-at="2017-09-29T09:56:20Z" finished-at="2017-09-29T09:56:51Z">
      <class name="Breg.VisionTestCases.WebTestCases">
        <test-method status="PASS" signature="LoginTestCase()[pri:0, instance:Breg.VisionTestCases.WebTestCases@60addb54]" name="LoginTestCase" duration-ms="30347" started-at="2017-09-29T15:26:20Z" finished-at="2017-09-29T15:26:51Z">
          <reporter-output>
          </reporter-output>
        </test-method> <!-- LoginTestCase -->
      </class> <!-- Breg.VisionTestCases.WebTestCases -->
    </test> <!-- Test -->
  </suite> <!-- Suite -->
</testng-results>
