<?xml version="1.0" encoding="UTF-8"?>
<testng-results skipped="0" failed="0" total="1" passed="1">
  <reporter-output>
  </reporter-output>
  <suite name="Suite" duration-ms="13567" started-at="2017-09-29T10:06:05Z" finished-at="2017-09-29T10:06:19Z">
    <groups>
    </groups>
    <test name="Test" duration-ms="13567" started-at="2017-09-29T10:06:05Z" finished-at="2017-09-29T10:06:19Z">
      <class name="Breg.VisionTestCases.WebTestCases">
        <test-method status="PASS" signature="beforeTest()[pri:0, instance:Breg.VisionTestCases.WebTestCases@224edc67]" name="beforeTest" is-config="true" duration-ms="4755" started-at="2017-09-29T15:36:05Z" finished-at="2017-09-29T15:36:10Z">
          <reporter-output>
          </reporter-output>
        </test-method> <!-- beforeTest -->
        <test-method status="PASS" signature="loginTestCase()[pri:0, instance:Breg.VisionTestCases.WebTestCases@224edc67]" name="loginTestCase" duration-ms="8686" started-at="2017-09-29T15:36:10Z" finished-at="2017-09-29T15:36:19Z">
          <reporter-output>
          </reporter-output>
        </test-method> <!-- loginTestCase -->
        <test-method status="PASS" signature="afterTest()[pri:0, instance:Breg.VisionTestCases.WebTestCases@224edc67]" name="afterTest" is-config="true" duration-ms="111" started-at="2017-09-29T15:36:19Z" finished-at="2017-09-29T15:36:19Z">
          <reporter-output>
          </reporter-output>
        </test-method> <!-- afterTest -->
      </class> <!-- Breg.VisionTestCases.WebTestCases -->
    </test> <!-- Test -->
  </suite> <!-- Suite -->
</testng-results>
