<?xml version="1.0" encoding="UTF-8"?>
<testng-results skipped="0" failed="0" total="1" passed="1">
  <reporter-output>
  </reporter-output>
  <suite name="Suite" duration-ms="25351" started-at="2017-09-29T13:42:20Z" finished-at="2017-09-29T13:42:45Z">
    <groups>
    </groups>
    <test name="Test" duration-ms="25351" started-at="2017-09-29T13:42:20Z" finished-at="2017-09-29T13:42:45Z">
      <class name="VisionTestCases.WebTestCases">
        <test-method status="PASS" signature="loginTestCase()[pri:0, instance:VisionTestCases.WebTestCases@18be83e4]" name="loginTestCase" duration-ms="25329" started-at="2017-09-29T19:12:20Z" finished-at="2017-09-29T19:12:45Z">
          <reporter-output>
          </reporter-output>
        </test-method> <!-- loginTestCase -->
      </class> <!-- VisionTestCases.WebTestCases -->
    </test> <!-- Test -->
  </suite> <!-- Suite -->
</testng-results>
